<?xml version="1.0" encoding="UTF-8"?>
<!-- Generated by org.testng.reporters.JUnitReportReporter -->
<testsuite skipped="0" hostname="LAPTOP-OII22SM7" name="com.anyaut.qa.testcases.LoginPageTest" tests="2" failures="0" timestamp="01 Aug 2019 08:52:28 GMT" time="27.022" errors="0">
  <testcase name="AnyAUTTitleTest" time="14.501" classname="com.anyaut.qa.testcases.LoginPageTest"/>
  <testcase name="AnyAUTLogoTest" time="12.521" classname="com.anyaut.qa.testcases.LoginPageTest"/>
</testsuite> <!-- com.anyaut.qa.testcases.LoginPageTest -->
